[debug] [2024-10-22T05:33:19.583Z] ----------------------------------------------------------------------
[debug] [2024-10-22T05:33:19.590Z] Command:       /opt/homebrew/Cellar/node/22.10.0/bin/node /opt/homebrew/bin/firebase init
[debug] [2024-10-22T05:33:19.590Z] CLI Version:   13.22.1
[debug] [2024-10-22T05:33:19.590Z] Platform:      darwin
[debug] [2024-10-22T05:33:19.590Z] Node Version:  v22.10.0
[debug] [2024-10-22T05:33:19.590Z] Time:          Tue Oct 22 2024 09:33:19 GMT+0400 (Gulf Standard Time)
[debug] [2024-10-22T05:33:19.590Z] ----------------------------------------------------------------------
[debug] 
[debug] [2024-10-22T05:33:19.594Z] > command requires scopes: ["email","openid","https://www.googleapis.com/auth/cloudplatformprojects.readonly","https://www.googleapis.com/auth/firebase","https://www.googleapis.com/auth/cloud-platform"]
[debug] [2024-10-22T05:33:19.594Z] > authorizing via signed-in user (sajadsadeghnia2@gmail.com)
[info] 
     ######## #### ########  ######## ########     ###     ######  ########
     ##        ##  ##     ## ##       ##     ##  ##   ##  ##       ##
     ######    ##  ########  ######   ########  #########  ######  ######
     ##        ##  ##    ##  ##       ##     ## ##     ##       ## ##
     ##       #### ##     ## ######## ########  ##     ##  ######  ########

You're about to initialize a Firebase project in this directory:

  /Users/sajadsadeghnia/Documents/GitHub/F28WPLabProjects_2024

[info] 
=== Project Setup
[info] 
[info] First, let's associate this project directory with a Firebase project.
[info] You can create multiple project aliases by running firebase use --add, 
[info] but for now we'll just set up a default project.
[info] 
[debug] [2024-10-22T05:33:44.414Z] Checked if tokens are valid: true, expires at: 1729578381397
[debug] [2024-10-22T05:33:44.414Z] Checked if tokens are valid: true, expires at: 1729578381397
[debug] [2024-10-22T05:33:44.415Z] >>> [apiv2][query] GET https://firebase.googleapis.com/v1beta1/projects pageSize=100
[debug] [2024-10-22T05:33:45.191Z] <<< [apiv2][status] GET https://firebase.googleapis.com/v1beta1/projects 200
[debug] [2024-10-22T05:33:45.191Z] <<< [apiv2][body] GET https://firebase.googleapis.com/v1beta1/projects [omitted]
[info] i  Using project mahffel (Mahffel) 
[info] 
=== Hosting Setup
[debug] [2024-10-22T05:33:54.633Z] Checked if tokens are valid: true, expires at: 1729578381397
[debug] [2024-10-22T05:33:54.633Z] Checked if tokens are valid: true, expires at: 1729578381397
[debug] [2024-10-22T05:33:54.634Z] >>> [apiv2][query] GET https://firebase.googleapis.com/v1beta1/projects/mahffel [none]
[debug] [2024-10-22T05:33:55.138Z] <<< [apiv2][status] GET https://firebase.googleapis.com/v1beta1/projects/mahffel 200
[debug] [2024-10-22T05:33:55.139Z] <<< [apiv2][body] GET https://firebase.googleapis.com/v1beta1/projects/mahffel {"projectId":"mahffel","projectNumber":"970272457495","displayName":"Mahffel","name":"projects/mahffel","resources":{"hostingSite":"mahffel"},"state":"ACTIVE","etag":"1_1fac8ae4-a80b-49f5-8367-05223d179056"}
[info] 
[info] Your public directory is the folder (relative to your project directory) that
[info] will contain Hosting assets to be uploaded with firebase deploy. If you
[info] have a build process for your assets, use your build's output directory.
[info] 
